<?xml version="1.0" encoding="UTF-8"?>
<!-- Generated by org.testng.reporters.JUnitXMLReporter -->
<testsuite ignored="0" hostname="DESKTOP-T4E0KMB" failures="0" tests="4" name="Default test" time="0.181" errors="0" timestamp="2023-03-25T15:44:10 IST">
  <testcase classname="TestNGPracties.TestNgPriorityDemo" name="two" time="0.019"/>
  <testcase classname="TestNGPracties.TestNgPriorityDemo" name="four" time="0.005"/>
  <testcase classname="TestNGPracties.TestNgPriorityDemo" name="three" time="0.006"/>
  <testcase classname="TestNGPracties.TestNgPriorityDemo" name="one" time="0.006"/>
</testsuite> <!-- Default test -->
